INSERT INTO `weigou`.`site_sessions` (sesskey, expiry, ip, data) VALUES ('54d632c8b6d276a58520cd8bed68e183', '1473002153', '0.0.0.0', 'a:0:{}')

SELECT code, value FROM `weigou`.`site_shop_config` WHERE parent_id > 0

UPDATE `weigou`.`site_sessions` SET expiry = '1473002154', ip = '0.0.0.0', userid = '0', adminid = '0', user_name='0', user_rank='0', discount='0', email='0', data = 'a:0:{}' WHERE sesskey = '54d632c8b6d276a58520cd8bed68e183' LIMIT 1

DELETE FROM `weigou`.`site_sessions` WHERE expiry < 1473000354

SELECT userid, adminid, user_name, user_rank, discount, email, data, expiry FROM `weigou`.`site_sessions` WHERE sesskey = '54d632c8b6d276a58520cd8bed68e183'

SELECT code, value FROM `weigou`.`site_shop_config` WHERE parent_id > 0

SELECT userid, adminid, user_name, user_rank, discount, email, data, expiry FROM `weigou`.`site_sessions` WHERE sesskey = '54d632c8b6d276a58520cd8bed68e183'

SELECT code, value FROM `weigou`.`site_shop_config` WHERE parent_id > 0

SELECT `ec_salt` FROM `weigou`.`site_admin_user`WHERE user_name = 'admin'

SELECT user_id, user_name, password, last_login, action_list, last_login,suppliers_id,ec_salt FROM `weigou`.`site_admin_user` WHERE user_name = 'admin' AND password = '422b6fabf60576964c5352f35a1f02d7'

UPDATE `weigou`.`site_admin_user` SET last_login='1472973359', last_ip='0.0.0.0' WHERE user_id='1'

SELECT DISTINCT session_id FROM `weigou`.`site_cart` AS c, `weigou`.`site_sessions` AS s WHERE c.session_id = s.sesskey 

DELETE FROM `weigou`.`site_cart` WHERE session_id NOT  IN ('') 

UPDATE `weigou`.`site_sessions` SET expiry = '1473002159', ip = '0.0.0.0', userid = '0', adminid = '1', user_name='0', user_rank='0', discount='0', email='0', data = 'a:4:{s:10:\"admin_name\";s:5:\"admin\";s:11:\"action_list\";s:3:\"all\";s:10:\"last_check\";s:10:\"1472797522\";s:12:\"suppliers_id\";s:1:\"0\";}' WHERE sesskey = '54d632c8b6d276a58520cd8bed68e183' LIMIT 1

DELETE FROM `weigou`.`site_sessions_data` WHERE expiry < 1473000359

SELECT userid, adminid, user_name, user_rank, discount, email, data, expiry FROM `weigou`.`site_sessions` WHERE sesskey = '54d632c8b6d276a58520cd8bed68e183'

SELECT code, value FROM `weigou`.`site_shop_config` WHERE parent_id > 0

SELECT userid, adminid, user_name, user_rank, discount, email, data, expiry FROM `weigou`.`site_sessions` WHERE sesskey = '54d632c8b6d276a58520cd8bed68e183'

SELECT code, value FROM `weigou`.`site_shop_config` WHERE parent_id > 0

SELECT message_id, sender_id, receiver_id, sent_time, readed, deleted, title, message, user_name FROM `weigou`.`site_admin_message` AS a, `weigou`.`site_admin_user` AS b WHERE a.sender_id = b.user_id AND a.receiver_id = '1' AND a.readed = 0 AND deleted = 0 ORDER BY a.sent_time DESC

SELECT pay_id, is_cod FROM `weigou`.`site_payment` WHERE enabled = 1

SELECT COUNT(*) FROM `weigou`.`site_order_info` WHERE 1  AND order_status  IN ('1','5')  AND shipping_status  IN ('1','2')  AND pay_status  IN ('2','1')  

SELECT pay_id FROM `weigou`.`site_payment` WHERE is_cod = 1

SELECT COUNT(*) FROM `weigou`.`site_order_info` WHERE 1  AND   order_status  IN ('1','5','6')  AND   shipping_status  IN ('0','3','5')  AND ( pay_status  IN ('2','1')  OR pay_id  IN ('') ) 

SELECT pay_id FROM `weigou`.`site_payment` WHERE is_cod = 0

SELECT COUNT(*) FROM `weigou`.`site_order_info` WHERE 1  AND   order_status  IN ('1','5')  AND   pay_status = '0' AND ( shipping_status  IN ('1','2')  OR pay_id  IN ('1','2','3') ) 

SELECT COUNT(*) FROM `weigou`.`site_order_info` WHERE 1  AND order_status = '0' 

SELECT COUNT(*) FROM `weigou`.`site_order_info` WHERE  shipping_status=4

SELECT COUNT(*) AS oCount, IFNULL(SUM(order_amount), 0) AS oAmount FROM `weigou`.`site_order_info`

SELECT COUNT(*) FROM `weigou`.`site_goods` WHERE is_delete = 0 AND is_alone_sale = 1 AND is_real = 1

SELECT COUNT(*) FROM `weigou`.`site_goods` WHERE is_delete = 0 AND is_alone_sale = 1 AND is_real=0 AND extension_code='virtual_card'

SELECT COUNT(*) FROM `weigou`.`site_goods` WHERE is_delete = 0 AND is_new = 1 AND is_real = 1

SELECT COUNT(*) FROM `weigou`.`site_goods` WHERE is_delete = 0 AND is_new = 1 AND is_real=0 AND extension_code='virtual_card'

SELECT COUNT(*) FROM `weigou`.`site_goods` WHERE is_delete = 0 AND is_best = 1 AND is_real = 1

SELECT COUNT(*) FROM `weigou`.`site_goods` WHERE is_delete = 0 AND is_best = 1 AND is_real=0 AND extension_code='virtual_card'

SELECT COUNT(*) FROM `weigou`.`site_goods` WHERE is_delete = 0 AND is_hot = 1 AND is_real = 1

SELECT COUNT(*) FROM `weigou`.`site_goods` WHERE is_delete = 0 AND is_hot = 1 AND is_real=0 AND extension_code='virtual_card'

SELECT COUNT(*) FROM `weigou`.`site_goods` WHERE is_delete = 0 AND promote_price>0 AND promote_start_date <= '1472973362' AND promote_end_date >= '1472973362' AND is_real = 1

SELECT COUNT(*) FROM `weigou`.`site_goods` WHERE is_delete = 0 AND promote_price>0 AND promote_start_date <= '1472973362' AND promote_end_date >= '1472973362' AND is_real=0 AND extension_code='virtual_card'

SELECT COUNT(*) FROM `weigou`.`site_goods` WHERE is_delete = 0 AND goods_number <= warn_number AND is_real = 1

SELECT COUNT(*) FROM `weigou`.`site_goods` WHERE is_delete = 0 AND goods_number <= warn_number AND is_real=0 AND extension_code='virtual_card'

SELECT COUNT(*) FROM `weigou`.`site_stats` WHERE access_time > 1472889600

SELECT count(*) FROM `weigou`.`site_sessions`

SELECT COUNT(f.msg_id) FROM `weigou`.`site_feedback` AS f LEFT JOIN `weigou`.`site_feedback` AS r ON r.parent_id=f.msg_id WHERE f.parent_id=0 AND ISNULL(r.msg_id) 

SELECT COUNT(*) FROM `weigou`.`site_comment` WHERE status = 0 AND parent_id = 0

SELECT COUNT(*) FROM `weigou`.`site_booking_goods` WHERE is_dispose = 0

SELECT COUNT(*) FROM `weigou`.`site_user_account` WHERE process_type = 1 AND is_paid = 0 

DELETE FROM `weigou`.`site_sessions_data` WHERE expiry < 1473000362

DELETE FROM `weigou`.`site_sessions` WHERE expiry < 1473000362

SELECT userid, adminid, user_name, user_rank, discount, email, data, expiry FROM `weigou`.`site_sessions` WHERE sesskey = '54d632c8b6d276a58520cd8bed68e183'

SELECT code, value FROM `weigou`.`site_shop_config` WHERE parent_id > 0

SELECT userid, adminid, user_name, user_rank, discount, email, data, expiry FROM `weigou`.`site_sessions` WHERE sesskey = '54d632c8b6d276a58520cd8bed68e183'

SELECT code, value FROM `weigou`.`site_shop_config` WHERE parent_id > 0

SELECT COUNT(*) AS oCount, IFNULL(SUM(order_amount), 0) AS oAmount FROM `weigou`.`site_order_info`

SELECT COUNT(*) FROM `weigou`.`site_goods` WHERE is_delete = 0 AND is_alone_sale = 1 AND is_real = 1

SELECT COUNT(*) FROM `weigou`.`site_users`

SELECT value FROM `weigou`.`site_shop_config` WHERE code = 'template'

SELECT value FROM `weigou`.`site_shop_config` WHERE code = 'stylename'

SELECT userid, adminid, user_name, user_rank, discount, email, data, expiry FROM `weigou`.`site_sessions` WHERE sesskey = '54d632c8b6d276a58520cd8bed68e183'

SELECT code, value FROM `weigou`.`site_shop_config` WHERE parent_id > 0

SELECT COUNT(*) FROM `weigou`.`site_order_info` WHERE add_time >= '1472797522'

SELECT COUNT(*) FROM `weigou`.`site_order_info` WHERE pay_time >= 1472797522

UPDATE `weigou`.`site_sessions` SET expiry = '1473002163', ip = '0.0.0.0', userid = '0', adminid = '1', user_name='0', user_rank='0', discount='0', email='0', data = 'a:4:{s:10:\"admin_name\";s:5:\"admin\";s:11:\"action_list\";s:3:\"all\";s:10:\"last_check\";i:1472973363;s:12:\"suppliers_id\";s:1:\"0\";}' WHERE sesskey = '54d632c8b6d276a58520cd8bed68e183' LIMIT 1

DELETE FROM `weigou`.`site_sessions` WHERE expiry < 1473000364

SELECT userid, adminid, user_name, user_rank, discount, email, data, expiry FROM `weigou`.`site_sessions` WHERE sesskey = '54d632c8b6d276a58520cd8bed68e183'

SELECT code, value FROM `weigou`.`site_shop_config` WHERE parent_id > 0

SELECT * FROM `weigou`.`site_shop_config` WHERE type<>'hidden'   AND (parent_id<>'5' AND id<>'5') ORDER BY parent_id, sort_order, id

SELECT region_id, region_name FROM `weigou`.`site_region` WHERE region_type = '0' AND parent_id = '0'

SELECT region_id, region_name FROM `weigou`.`site_region` WHERE region_type = '1' AND parent_id = '1'

SELECT region_id, region_name FROM `weigou`.`site_region` WHERE region_type = '2' AND parent_id = '2'

DELETE FROM `weigou`.`site_sessions_data` WHERE expiry < 1473000366

DELETE FROM `weigou`.`site_sessions` WHERE expiry < 1473000366

DELETE FROM `weigou`.`site_sessions` WHERE expiry < 1473000366

SELECT userid, adminid, user_name, user_rank, discount, email, data, expiry FROM `weigou`.`site_sessions` WHERE sesskey = '54d632c8b6d276a58520cd8bed68e183'

SELECT code, value FROM `weigou`.`site_shop_config` WHERE parent_id > 0

SELECT suppliers_id, suppliers_name, suppliers_desc
            FROM `weigou`.`site_suppliers`
            WHERE  is_check = 1 

SELECT c.cat_id, c.cat_name, c.measure_unit, c.parent_id, c.is_show, c.show_in_nav, c.grade, c.sort_order, COUNT(s.cat_id) AS has_children FROM `weigou`.`site_category` AS c LEFT JOIN `weigou`.`site_category` AS s ON s.parent_id=c.cat_id GROUP BY c.cat_id ORDER BY c.parent_id, c.sort_order ASC

SELECT cat_id, COUNT(*) AS goods_num  FROM `weigou`.`site_goods` WHERE is_delete = 0 AND is_on_sale = 1  GROUP BY cat_id

SELECT gc.cat_id, COUNT(*) AS goods_num  FROM `weigou`.`site_goods_cat` AS gc , `weigou`.`site_goods` AS g  WHERE g.goods_id = gc.goods_id AND g.is_delete = 0 AND g.is_on_sale = 1  GROUP BY gc.cat_id

SELECT brand_id, brand_name FROM `weigou`.`site_brand` ORDER BY sort_order

SELECT suppliers_id, suppliers_name, suppliers_desc
            FROM `weigou`.`site_suppliers`
            WHERE  is_check = 1 

SELECT COUNT(*) FROM `weigou`.`site_goods` AS g WHERE is_delete='0'  AND is_real='1'

SELECT goods_id, goods_name, goods_type, goods_sn, shop_price, is_on_sale, is_best, is_new, is_hot, sort_order, goods_number, integral,  (promote_price > 0 AND promote_start_date <= '1472975999' AND promote_end_date >= '1472975999') AS is_promote  FROM `weigou`.`site_goods` AS g WHERE is_delete='0'  AND is_real='1' ORDER BY goods_id DESC  LIMIT 0,15

SELECT DISTINCT cat_id
            FROM `weigou`.`site_attribute`
            WHERE attr_type = 1

DELETE FROM `weigou`.`site_sessions_data` WHERE expiry < 1473000371

SELECT userid, adminid, user_name, user_rank, discount, email, data, expiry FROM `weigou`.`site_sessions` WHERE sesskey = '54d632c8b6d276a58520cd8bed68e183'

SELECT code, value FROM `weigou`.`site_shop_config` WHERE parent_id > 0

SELECT bonus_type_id, COUNT(*) AS sent_count FROM `weigou`.`site_user_bonus` GROUP BY bonus_type_id

SELECT bonus_type_id, COUNT(*) AS used_count FROM `weigou`.`site_user_bonus` WHERE used_time > 0 GROUP BY bonus_type_id

SELECT COUNT(*) FROM `weigou`.`site_bonus_type`

SELECT * FROM `weigou`.`site_bonus_type` ORDER BY type_id DESC LIMIT 15

UPDATE `weigou`.`site_sessions` SET expiry = '1473002173', ip = '0.0.0.0', userid = '0', adminid = '1', user_name='0', user_rank='0', discount='0', email='0', data = 'a:4:{s:10:\"admin_name\";s:5:\"admin\";s:11:\"action_list\";s:3:\"all\";s:10:\"last_check\";i:1472973363;s:12:\"suppliers_id\";s:1:\"0\";}' WHERE sesskey = '54d632c8b6d276a58520cd8bed68e183' LIMIT 1

SELECT userid, adminid, user_name, user_rank, discount, email, data, expiry FROM `weigou`.`site_sessions` WHERE sesskey = '54d632c8b6d276a58520cd8bed68e183'

SELECT code, value FROM `weigou`.`site_shop_config` WHERE parent_id > 0

DELETE FROM `weigou`.`site_template` WHERE 1  AND theme <> 'bak'  AND theme <> 'default' 

SELECT userid, adminid, user_name, user_rank, discount, email, data, expiry FROM `weigou`.`site_sessions` WHERE sesskey = '54d632c8b6d276a58520cd8bed68e183'

SELECT code, value FROM `weigou`.`site_shop_config` WHERE parent_id > 0

SHOW TABLES LIKE 'site\_%'

DELETE FROM `weigou`.`site_sessions` WHERE expiry < 1473000378

SELECT userid, adminid, user_name, user_rank, discount, email, data, expiry FROM `weigou`.`site_sessions` WHERE sesskey = '54d632c8b6d276a58520cd8bed68e183'

SELECT code, value FROM `weigou`.`site_shop_config` WHERE parent_id > 0

SELECT * FROM `weigou`.`site_shop_config` WHERE type<>'hidden'   AND (parent_id<>'5' AND id<>'5') ORDER BY parent_id, sort_order, id

SELECT region_id, region_name FROM `weigou`.`site_region` WHERE region_type = '0' AND parent_id = '0'

SELECT region_id, region_name FROM `weigou`.`site_region` WHERE region_type = '1' AND parent_id = '1'

SELECT region_id, region_name FROM `weigou`.`site_region` WHERE region_type = '2' AND parent_id = '2'

UPDATE `weigou`.`site_sessions` SET expiry = '1473002184', ip = '0.0.0.0', userid = '0', adminid = '1', user_name='0', user_rank='0', discount='0', email='0', data = 'a:4:{s:10:\"admin_name\";s:5:\"admin\";s:11:\"action_list\";s:3:\"all\";s:10:\"last_check\";i:1472973363;s:12:\"suppliers_id\";s:1:\"0\";}' WHERE sesskey = '54d632c8b6d276a58520cd8bed68e183' LIMIT 1

DELETE FROM `weigou`.`site_sessions` WHERE expiry < 1473000384

SELECT userid, adminid, user_name, user_rank, discount, email, data, expiry FROM `weigou`.`site_sessions` WHERE sesskey = '54d632c8b6d276a58520cd8bed68e183'

SELECT code, value FROM `weigou`.`site_shop_config` WHERE parent_id > 0

SELECT COUNT(*) FROM `weigou`.`site_order_info` WHERE add_time >= '1472973363'

SELECT COUNT(*) FROM `weigou`.`site_order_info` WHERE pay_time >= 1472973363

UPDATE `weigou`.`site_sessions` SET expiry = '1473002365', ip = '0.0.0.0', userid = '0', adminid = '1', user_name='0', user_rank='0', discount='0', email='0', data = 'a:4:{s:10:\"admin_name\";s:5:\"admin\";s:11:\"action_list\";s:3:\"all\";s:10:\"last_check\";i:1472973565;s:12:\"suppliers_id\";s:1:\"0\";}' WHERE sesskey = '54d632c8b6d276a58520cd8bed68e183' LIMIT 1

SELECT userid, adminid, user_name, user_rank, discount, email, data, expiry FROM `weigou`.`site_sessions` WHERE sesskey = '54d632c8b6d276a58520cd8bed68e183'

SELECT code, value FROM `weigou`.`site_shop_config` WHERE parent_id > 0

SELECT COUNT(*) FROM `weigou`.`site_order_info` WHERE add_time >= '1472973565'

SELECT COUNT(*) FROM `weigou`.`site_order_info` WHERE pay_time >= 1472973565

UPDATE `weigou`.`site_sessions` SET expiry = '1473002545', ip = '0.0.0.0', userid = '0', adminid = '1', user_name='0', user_rank='0', discount='0', email='0', data = 'a:4:{s:10:\"admin_name\";s:5:\"admin\";s:11:\"action_list\";s:3:\"all\";s:10:\"last_check\";i:1472973745;s:12:\"suppliers_id\";s:1:\"0\";}' WHERE sesskey = '54d632c8b6d276a58520cd8bed68e183' LIMIT 1

DELETE FROM `weigou`.`site_sessions_data` WHERE expiry < 1473000745

SELECT userid, adminid, user_name, user_rank, discount, email, data, expiry FROM `weigou`.`site_sessions` WHERE sesskey = '54d632c8b6d276a58520cd8bed68e183'

SELECT code, value FROM `weigou`.`site_shop_config` WHERE parent_id > 0

SELECT suppliers_id, suppliers_name, suppliers_desc
            FROM `weigou`.`site_suppliers`
            WHERE  is_check = 1 

SELECT c.cat_id, c.cat_name, c.measure_unit, c.parent_id, c.is_show, c.show_in_nav, c.grade, c.sort_order, COUNT(s.cat_id) AS has_children FROM `weigou`.`site_category` AS c LEFT JOIN `weigou`.`site_category` AS s ON s.parent_id=c.cat_id GROUP BY c.cat_id ORDER BY c.parent_id, c.sort_order ASC

SELECT cat_id, COUNT(*) AS goods_num  FROM `weigou`.`site_goods` WHERE is_delete = 0 AND is_on_sale = 1  GROUP BY cat_id

SELECT gc.cat_id, COUNT(*) AS goods_num  FROM `weigou`.`site_goods_cat` AS gc , `weigou`.`site_goods` AS g  WHERE g.goods_id = gc.goods_id AND g.is_delete = 0 AND g.is_on_sale = 1  GROUP BY gc.cat_id

SELECT brand_id, brand_name FROM `weigou`.`site_brand` ORDER BY sort_order

SELECT suppliers_id, suppliers_name, suppliers_desc
            FROM `weigou`.`site_suppliers`
            WHERE  is_check = 1 

SELECT COUNT(*) FROM `weigou`.`site_goods` AS g WHERE is_delete='0'  AND is_real='1'

SELECT goods_id, goods_name, goods_type, goods_sn, shop_price, is_on_sale, is_best, is_new, is_hot, sort_order, goods_number, integral,  (promote_price > 0 AND promote_start_date <= '1472975999' AND promote_end_date >= '1472975999') AS is_promote  FROM `weigou`.`site_goods` AS g WHERE is_delete='0'  AND is_real='1' ORDER BY goods_id DESC  LIMIT 0,15

SELECT DISTINCT cat_id
            FROM `weigou`.`site_attribute`
            WHERE attr_type = 1

UPDATE `weigou`.`site_sessions` SET expiry = '1473002623', ip = '0.0.0.0', userid = '0', adminid = '1', user_name='0', user_rank='0', discount='0', email='0', data = 'a:4:{s:10:\"admin_name\";s:5:\"admin\";s:11:\"action_list\";s:3:\"all\";s:10:\"last_check\";i:1472973745;s:12:\"suppliers_id\";s:1:\"0\";}' WHERE sesskey = '54d632c8b6d276a58520cd8bed68e183' LIMIT 1

SELECT userid, adminid, user_name, user_rank, discount, email, data, expiry FROM `weigou`.`site_sessions` WHERE sesskey = '54d632c8b6d276a58520cd8bed68e183'

SELECT code, value FROM `weigou`.`site_shop_config` WHERE parent_id > 0

SELECT c.cat_id, c.cat_name, c.measure_unit, c.parent_id, c.is_show, c.show_in_nav, c.grade, c.sort_order, COUNT(s.cat_id) AS has_children FROM `weigou`.`site_category` AS c LEFT JOIN `weigou`.`site_category` AS s ON s.parent_id=c.cat_id GROUP BY c.cat_id ORDER BY c.parent_id, c.sort_order ASC

SELECT cat_id, COUNT(*) AS goods_num  FROM `weigou`.`site_goods` WHERE is_delete = 0 AND is_on_sale = 1  GROUP BY cat_id

SELECT gc.cat_id, COUNT(*) AS goods_num  FROM `weigou`.`site_goods_cat` AS gc , `weigou`.`site_goods` AS g  WHERE g.goods_id = gc.goods_id AND g.is_delete = 0 AND g.is_on_sale = 1  GROUP BY gc.cat_id

DELETE FROM `weigou`.`site_sessions` WHERE expiry < 1473000828

SELECT userid, adminid, user_name, user_rank, discount, email, data, expiry FROM `weigou`.`site_sessions` WHERE sesskey = '54d632c8b6d276a58520cd8bed68e183'

SELECT code, value FROM `weigou`.`site_shop_config` WHERE parent_id > 0

SELECT * FROM `weigou`.`site_category` WHERE cat_id='2' LIMIT 1

SELECT a.attr_id, a.cat_id, a.attr_name  FROM `weigou`.`site_attribute` AS a,  `weigou`.`site_goods_type` AS c  WHERE  a.cat_id = c.cat_id AND c.enabled = 1  ORDER BY a.cat_id , a.sort_order

SELECT recommend_type FROM `weigou`.`site_cat_recommend` WHERE cat_id=2

SELECT c.cat_id, c.cat_name, c.measure_unit, c.parent_id, c.is_show, c.show_in_nav, c.grade, c.sort_order, COUNT(s.cat_id) AS has_children FROM `weigou`.`site_category` AS c LEFT JOIN `weigou`.`site_category` AS s ON s.parent_id=c.cat_id GROUP BY c.cat_id ORDER BY c.parent_id, c.sort_order ASC

SELECT cat_id, COUNT(*) AS goods_num  FROM `weigou`.`site_goods` WHERE is_delete = 0 AND is_on_sale = 1  GROUP BY cat_id

SELECT gc.cat_id, COUNT(*) AS goods_num  FROM `weigou`.`site_goods_cat` AS gc , `weigou`.`site_goods` AS g  WHERE g.goods_id = gc.goods_id AND g.is_delete = 0 AND g.is_on_sale = 1  GROUP BY gc.cat_id

SELECT cat_id, cat_name FROM `weigou`.`site_goods_type` WHERE enabled = 1

DELETE FROM `weigou`.`site_sessions` WHERE expiry < 1473000832

SELECT userid, adminid, user_name, user_rank, discount, email, data, expiry FROM `weigou`.`site_sessions` WHERE sesskey = '54d632c8b6d276a58520cd8bed68e183'

SELECT code, value FROM `weigou`.`site_shop_config` WHERE parent_id > 0

SELECT c.cat_id, c.cat_name, c.measure_unit, c.parent_id, c.is_show, c.show_in_nav, c.grade, c.sort_order, COUNT(s.cat_id) AS has_children FROM `weigou`.`site_category` AS c LEFT JOIN `weigou`.`site_category` AS s ON s.parent_id=c.cat_id GROUP BY c.cat_id ORDER BY c.parent_id, c.sort_order ASC

SELECT cat_id, COUNT(*) AS goods_num  FROM `weigou`.`site_goods` WHERE is_delete = 0 AND is_on_sale = 1  GROUP BY cat_id

SELECT gc.cat_id, COUNT(*) AS goods_num  FROM `weigou`.`site_goods_cat` AS gc , `weigou`.`site_goods` AS g  WHERE g.goods_id = gc.goods_id AND g.is_delete = 0 AND g.is_on_sale = 1  GROUP BY gc.cat_id

SELECT cat_name, show_in_nav FROM `weigou`.`site_category` WHERE cat_id = '2'

DESC `weigou`.`site_category`

UPDATE `weigou`.`site_category` SET cat_name = '奔驰', keywords = '', cat_desc = '', parent_id = '1', sort_order = '50', measure_unit = '', show_in_nav = '1', style = '', is_show = '1', grade = '0', filter_attr = '' WHERE cat_id='2'

INSERT INTO `weigou`.`site_touch_category`(`cat_id`,`cat_image`)VALUES('2','data/assets/images/201609/1472973845642004380.jpg')

DELETE FROM `weigou`.`site_cat_recommend` WHERE cat_id=2

INSERT INTO `weigou`.`site_admin_log` (log_time, user_id, log_info, ip_address)  VALUES ('1472973845', 1, '编辑商品分类: 奔驰', '0.0.0.0')

UPDATE `weigou`.`site_sessions` SET expiry = '1473002645', ip = '0.0.0.0', userid = '0', adminid = '1', user_name='0', user_rank='0', discount='0', email='0', data = 'a:4:{s:10:\"admin_name\";s:5:\"admin\";s:11:\"action_list\";s:3:\"all\";s:10:\"last_check\";i:1472973745;s:12:\"suppliers_id\";s:1:\"0\";}' WHERE sesskey = '54d632c8b6d276a58520cd8bed68e183' LIMIT 1

SELECT userid, adminid, user_name, user_rank, discount, email, data, expiry FROM `weigou`.`site_sessions` WHERE sesskey = '54d632c8b6d276a58520cd8bed68e183'

SELECT code, value FROM `weigou`.`site_shop_config` WHERE parent_id > 0

SELECT c.cat_id, c.cat_name, c.measure_unit, c.parent_id, c.is_show, c.show_in_nav, c.grade, c.sort_order, COUNT(s.cat_id) AS has_children FROM `weigou`.`site_category` AS c LEFT JOIN `weigou`.`site_category` AS s ON s.parent_id=c.cat_id GROUP BY c.cat_id ORDER BY c.parent_id, c.sort_order ASC

SELECT cat_id, COUNT(*) AS goods_num  FROM `weigou`.`site_goods` WHERE is_delete = 0 AND is_on_sale = 1  GROUP BY cat_id

SELECT gc.cat_id, COUNT(*) AS goods_num  FROM `weigou`.`site_goods_cat` AS gc , `weigou`.`site_goods` AS g  WHERE g.goods_id = gc.goods_id AND g.is_delete = 0 AND g.is_on_sale = 1  GROUP BY gc.cat_id

SELECT userid, adminid, user_name, user_rank, discount, email, data, expiry FROM `weigou`.`site_sessions` WHERE sesskey = '54d632c8b6d276a58520cd8bed68e183'

SELECT code, value FROM `weigou`.`site_shop_config` WHERE parent_id > 0

SELECT COUNT(*) FROM `weigou`.`site_order_info` WHERE add_time >= '1472973745'

SELECT COUNT(*) FROM `weigou`.`site_order_info` WHERE pay_time >= 1472973745

UPDATE `weigou`.`site_sessions` SET expiry = '1473002830', ip = '0.0.0.0', userid = '0', adminid = '1', user_name='0', user_rank='0', discount='0', email='0', data = 'a:4:{s:10:\"admin_name\";s:5:\"admin\";s:11:\"action_list\";s:3:\"all\";s:10:\"last_check\";i:1472974030;s:12:\"suppliers_id\";s:1:\"0\";}' WHERE sesskey = '54d632c8b6d276a58520cd8bed68e183' LIMIT 1

DELETE FROM `weigou`.`site_sessions` WHERE expiry < 1473001030

SELECT userid, adminid, user_name, user_rank, discount, email, data, expiry FROM `weigou`.`site_sessions` WHERE sesskey = '54d632c8b6d276a58520cd8bed68e183'

SELECT code, value FROM `weigou`.`site_shop_config` WHERE parent_id > 0

SELECT COUNT(*) FROM `weigou`.`site_order_info` WHERE add_time >= '1472974030'

SELECT COUNT(*) FROM `weigou`.`site_order_info` WHERE pay_time >= 1472974030

UPDATE `weigou`.`site_sessions` SET expiry = '1473003010', ip = '0.0.0.0', userid = '0', adminid = '1', user_name='0', user_rank='0', discount='0', email='0', data = 'a:4:{s:10:\"admin_name\";s:5:\"admin\";s:11:\"action_list\";s:3:\"all\";s:10:\"last_check\";i:1472974210;s:12:\"suppliers_id\";s:1:\"0\";}' WHERE sesskey = '54d632c8b6d276a58520cd8bed68e183' LIMIT 1

DELETE FROM `weigou`.`site_sessions` WHERE expiry < 1473001210

SELECT userid, adminid, user_name, user_rank, discount, email, data, expiry FROM `weigou`.`site_sessions` WHERE sesskey = '54d632c8b6d276a58520cd8bed68e183'

SELECT code, value FROM `weigou`.`site_shop_config` WHERE parent_id > 0

SELECT COUNT(*) FROM `weigou`.`site_order_info` WHERE add_time >= '1472974210'

SELECT COUNT(*) FROM `weigou`.`site_order_info` WHERE pay_time >= 1472974210

UPDATE `weigou`.`site_sessions` SET expiry = '1473003190', ip = '0.0.0.0', userid = '0', adminid = '1', user_name='0', user_rank='0', discount='0', email='0', data = 'a:4:{s:10:\"admin_name\";s:5:\"admin\";s:11:\"action_list\";s:3:\"all\";s:10:\"last_check\";i:1472974390;s:12:\"suppliers_id\";s:1:\"0\";}' WHERE sesskey = '54d632c8b6d276a58520cd8bed68e183' LIMIT 1

DELETE FROM `weigou`.`site_sessions` WHERE expiry < 1473001390

SELECT userid, adminid, user_name, user_rank, discount, email, data, expiry FROM `weigou`.`site_sessions` WHERE sesskey = '54d632c8b6d276a58520cd8bed68e183'

SELECT code, value FROM `weigou`.`site_shop_config` WHERE parent_id > 0

SELECT * FROM `weigou`.`site_category` WHERE cat_id='2' LIMIT 1

SELECT a.attr_id, a.cat_id, a.attr_name  FROM `weigou`.`site_attribute` AS a,  `weigou`.`site_goods_type` AS c  WHERE  a.cat_id = c.cat_id AND c.enabled = 1  ORDER BY a.cat_id , a.sort_order

SELECT recommend_type FROM `weigou`.`site_cat_recommend` WHERE cat_id=2

SELECT c.cat_id, c.cat_name, c.measure_unit, c.parent_id, c.is_show, c.show_in_nav, c.grade, c.sort_order, COUNT(s.cat_id) AS has_children FROM `weigou`.`site_category` AS c LEFT JOIN `weigou`.`site_category` AS s ON s.parent_id=c.cat_id GROUP BY c.cat_id ORDER BY c.parent_id, c.sort_order ASC

SELECT cat_id, COUNT(*) AS goods_num  FROM `weigou`.`site_goods` WHERE is_delete = 0 AND is_on_sale = 1  GROUP BY cat_id

SELECT gc.cat_id, COUNT(*) AS goods_num  FROM `weigou`.`site_goods_cat` AS gc , `weigou`.`site_goods` AS g  WHERE g.goods_id = gc.goods_id AND g.is_delete = 0 AND g.is_on_sale = 1  GROUP BY gc.cat_id

SELECT cat_id, cat_name FROM `weigou`.`site_goods_type` WHERE enabled = 1

UPDATE `weigou`.`site_sessions` SET expiry = '1473003256', ip = '0.0.0.0', userid = '0', adminid = '1', user_name='0', user_rank='0', discount='0', email='0', data = 'a:4:{s:10:\"admin_name\";s:5:\"admin\";s:11:\"action_list\";s:3:\"all\";s:10:\"last_check\";i:1472974390;s:12:\"suppliers_id\";s:1:\"0\";}' WHERE sesskey = '54d632c8b6d276a58520cd8bed68e183' LIMIT 1

DELETE FROM `weigou`.`site_sessions` WHERE expiry < 1473001456

SELECT userid, adminid, user_name, user_rank, discount, email, data, expiry FROM `weigou`.`site_sessions` WHERE sesskey = '54d632c8b6d276a58520cd8bed68e183'

SELECT code, value FROM `weigou`.`site_shop_config` WHERE parent_id > 0

SELECT c.cat_id, c.cat_name, c.measure_unit, c.parent_id, c.is_show, c.show_in_nav, c.grade, c.sort_order, COUNT(s.cat_id) AS has_children FROM `weigou`.`site_category` AS c LEFT JOIN `weigou`.`site_category` AS s ON s.parent_id=c.cat_id GROUP BY c.cat_id ORDER BY c.parent_id, c.sort_order ASC

SELECT cat_id, COUNT(*) AS goods_num  FROM `weigou`.`site_goods` WHERE is_delete = 0 AND is_on_sale = 1  GROUP BY cat_id

SELECT gc.cat_id, COUNT(*) AS goods_num  FROM `weigou`.`site_goods_cat` AS gc , `weigou`.`site_goods` AS g  WHERE g.goods_id = gc.goods_id AND g.is_delete = 0 AND g.is_on_sale = 1  GROUP BY gc.cat_id

SELECT cat_name, show_in_nav FROM `weigou`.`site_category` WHERE cat_id = '2'

DESC `weigou`.`site_category`

UPDATE `weigou`.`site_category` SET cat_name = '奔驰', keywords = '', cat_desc = '', parent_id = '1', sort_order = '50', measure_unit = '', show_in_nav = '1', style = '', is_show = '1', grade = '0', filter_attr = '' WHERE cat_id='2'

INSERT INTO `weigou`.`site_touch_category`(`cat_id`,`cat_image`)VALUES('2','data/assets/images/201609/1472974467868912113.jpg')

DELETE FROM `weigou`.`site_cat_recommend` WHERE cat_id=2

INSERT INTO `weigou`.`site_admin_log` (log_time, user_id, log_info, ip_address)  VALUES ('1472974467', 1, '编辑商品分类: 奔驰', '0.0.0.0')

UPDATE `weigou`.`site_sessions` SET expiry = '1473003267', ip = '0.0.0.0', userid = '0', adminid = '1', user_name='0', user_rank='0', discount='0', email='0', data = 'a:4:{s:10:\"admin_name\";s:5:\"admin\";s:11:\"action_list\";s:3:\"all\";s:10:\"last_check\";i:1472974390;s:12:\"suppliers_id\";s:1:\"0\";}' WHERE sesskey = '54d632c8b6d276a58520cd8bed68e183' LIMIT 1

SELECT userid, adminid, user_name, user_rank, discount, email, data, expiry FROM `weigou`.`site_sessions` WHERE sesskey = '54d632c8b6d276a58520cd8bed68e183'

SELECT code, value FROM `weigou`.`site_shop_config` WHERE parent_id > 0

SELECT c.cat_id, c.cat_name, c.measure_unit, c.parent_id, c.is_show, c.show_in_nav, c.grade, c.sort_order, COUNT(s.cat_id) AS has_children FROM `weigou`.`site_category` AS c LEFT JOIN `weigou`.`site_category` AS s ON s.parent_id=c.cat_id GROUP BY c.cat_id ORDER BY c.parent_id, c.sort_order ASC

SELECT cat_id, COUNT(*) AS goods_num  FROM `weigou`.`site_goods` WHERE is_delete = 0 AND is_on_sale = 1  GROUP BY cat_id

SELECT gc.cat_id, COUNT(*) AS goods_num  FROM `weigou`.`site_goods_cat` AS gc , `weigou`.`site_goods` AS g  WHERE g.goods_id = gc.goods_id AND g.is_delete = 0 AND g.is_on_sale = 1  GROUP BY gc.cat_id

SELECT userid, adminid, user_name, user_rank, discount, email, data, expiry FROM `weigou`.`site_sessions` WHERE sesskey = '54d632c8b6d276a58520cd8bed68e183'

SELECT code, value FROM `weigou`.`site_shop_config` WHERE parent_id > 0

SELECT COUNT(*) FROM `weigou`.`site_order_info` WHERE add_time >= '1472974390'

SELECT COUNT(*) FROM `weigou`.`site_order_info` WHERE pay_time >= 1472974390

UPDATE `weigou`.`site_sessions` SET expiry = '1473003452', ip = '0.0.0.0', userid = '0', adminid = '1', user_name='0', user_rank='0', discount='0', email='0', data = 'a:4:{s:10:\"admin_name\";s:5:\"admin\";s:11:\"action_list\";s:3:\"all\";s:10:\"last_check\";i:1472974652;s:12:\"suppliers_id\";s:1:\"0\";}' WHERE sesskey = '54d632c8b6d276a58520cd8bed68e183' LIMIT 1

DELETE FROM `weigou`.`site_sessions` WHERE expiry < 1473001652

SELECT userid, adminid, user_name, user_rank, discount, email, data, expiry FROM `weigou`.`site_sessions` WHERE sesskey = '54d632c8b6d276a58520cd8bed68e183'

SELECT code, value FROM `weigou`.`site_shop_config` WHERE parent_id > 0

SELECT COUNT(*) FROM `weigou`.`site_order_info` WHERE add_time >= '1472974652'

SELECT COUNT(*) FROM `weigou`.`site_order_info` WHERE pay_time >= 1472974652

UPDATE `weigou`.`site_sessions` SET expiry = '1473003632', ip = '0.0.0.0', userid = '0', adminid = '1', user_name='0', user_rank='0', discount='0', email='0', data = 'a:4:{s:10:\"admin_name\";s:5:\"admin\";s:11:\"action_list\";s:3:\"all\";s:10:\"last_check\";i:1472974832;s:12:\"suppliers_id\";s:1:\"0\";}' WHERE sesskey = '54d632c8b6d276a58520cd8bed68e183' LIMIT 1

DELETE FROM `weigou`.`site_sessions` WHERE expiry < 1473001832

SELECT userid, adminid, user_name, user_rank, discount, email, data, expiry FROM `weigou`.`site_sessions` WHERE sesskey = '54d632c8b6d276a58520cd8bed68e183'

SELECT code, value FROM `weigou`.`site_shop_config` WHERE parent_id > 0

UPDATE `weigou`.`site_sessions` SET expiry = '1473003717', ip = '0.0.0.0', userid = '0', adminid = '1', user_name='0', user_rank='0', discount='0', email='0', data = 'a:4:{s:10:\"admin_name\";s:5:\"admin\";s:11:\"action_list\";s:3:\"all\";s:10:\"last_check\";i:1472974832;s:12:\"suppliers_id\";s:1:\"0\";}' WHERE sesskey = '54d632c8b6d276a58520cd8bed68e183' LIMIT 1

SELECT userid, adminid, user_name, user_rank, discount, email, data, expiry FROM `weigou`.`site_sessions` WHERE sesskey = '54d632c8b6d276a58520cd8bed68e183'

SELECT code, value FROM `weigou`.`site_shop_config` WHERE parent_id > 0

SELECT c.cat_id, c.cat_name, c.measure_unit, c.parent_id, c.is_show, c.show_in_nav, c.grade, c.sort_order, COUNT(s.cat_id) AS has_children FROM `weigou`.`site_category` AS c LEFT JOIN `weigou`.`site_category` AS s ON s.parent_id=c.cat_id GROUP BY c.cat_id ORDER BY c.parent_id, c.sort_order ASC

SELECT cat_id, COUNT(*) AS goods_num  FROM `weigou`.`site_goods` WHERE is_delete = 0 AND is_on_sale = 1  GROUP BY cat_id

SELECT gc.cat_id, COUNT(*) AS goods_num  FROM `weigou`.`site_goods_cat` AS gc , `weigou`.`site_goods` AS g  WHERE g.goods_id = gc.goods_id AND g.is_delete = 0 AND g.is_on_sale = 1  GROUP BY gc.cat_id

DELETE FROM `weigou`.`site_sessions` WHERE expiry < 1473001918

SELECT userid, adminid, user_name, user_rank, discount, email, data, expiry FROM `weigou`.`site_sessions` WHERE sesskey = '54d632c8b6d276a58520cd8bed68e183'

SELECT code, value FROM `weigou`.`site_shop_config` WHERE parent_id > 0

SELECT suppliers_id, suppliers_name, suppliers_desc
            FROM `weigou`.`site_suppliers`
            WHERE  is_check = 1 

DELETE FROM `weigou`.`site_link_goods` WHERE (goods_id = 0 OR link_goods_id = 0) AND admin_id = '1'

DELETE FROM `weigou`.`site_group_goods` WHERE parent_id = 0 AND admin_id = '1'

DELETE FROM `weigou`.`site_goods_article` WHERE goods_id = 0 AND admin_id = '1'

DELETE FROM `weigou`.`site_goods_attr` WHERE goods_id = 0

SELECT touch_sale,touch_fencheng FROM `weigou`.`site_drp_goods` WHERE goods_id = ''

SELECT c.cat_id, c.cat_name, c.measure_unit, c.parent_id, c.is_show, c.show_in_nav, c.grade, c.sort_order, COUNT(s.cat_id) AS has_children FROM `weigou`.`site_category` AS c LEFT JOIN `weigou`.`site_category` AS s ON s.parent_id=c.cat_id GROUP BY c.cat_id ORDER BY c.parent_id, c.sort_order ASC

SELECT cat_id, COUNT(*) AS goods_num  FROM `weigou`.`site_goods` WHERE is_delete = 0 AND is_on_sale = 1  GROUP BY cat_id

SELECT gc.cat_id, COUNT(*) AS goods_num  FROM `weigou`.`site_goods_cat` AS gc , `weigou`.`site_goods` AS g  WHERE g.goods_id = gc.goods_id AND g.is_delete = 0 AND g.is_on_sale = 1  GROUP BY gc.cat_id

SELECT brand_id, brand_name FROM `weigou`.`site_brand` ORDER BY sort_order

SELECT * FROM `weigou`.`site_user_rank` ORDER BY min_points

SELECT cat_id, cat_name FROM `weigou`.`site_goods_type` WHERE enabled = 1

DELETE FROM `weigou`.`site_sessions` WHERE expiry < 1473001922

SELECT userid, adminid, user_name, user_rank, discount, email, data, expiry FROM `weigou`.`site_sessions` WHERE sesskey = '54d632c8b6d276a58520cd8bed68e183'

SELECT code, value FROM `weigou`.`site_shop_config` WHERE parent_id > 0

DELETE FROM `weigou`.`site_template` WHERE 1  AND theme <> 'bak'  AND theme <> 'default' 

UPDATE `weigou`.`site_sessions` SET expiry = '1473003826', ip = '0.0.0.0', userid = '0', adminid = '1', user_name='0', user_rank='0', discount='0', email='0', data = 'a:4:{s:10:\"admin_name\";s:5:\"admin\";s:11:\"action_list\";s:3:\"all\";s:10:\"last_check\";i:1472974832;s:12:\"suppliers_id\";s:1:\"0\";}' WHERE sesskey = '54d632c8b6d276a58520cd8bed68e183' LIMIT 1

DELETE FROM `weigou`.`site_sessions` WHERE expiry < 1473002026

SELECT userid, adminid, user_name, user_rank, discount, email, data, expiry FROM `weigou`.`site_sessions` WHERE sesskey = '54d632c8b6d276a58520cd8bed68e183'

SELECT code, value FROM `weigou`.`site_shop_config` WHERE parent_id > 0

SELECT COUNT(*) FROM `weigou`.`site_order_info` WHERE add_time >= '1472974832'

SELECT COUNT(*) FROM `weigou`.`site_order_info` WHERE pay_time >= 1472974832

UPDATE `weigou`.`site_sessions` SET expiry = '1473003828', ip = '0.0.0.0', userid = '0', adminid = '1', user_name='0', user_rank='0', discount='0', email='0', data = 'a:4:{s:10:\"admin_name\";s:5:\"admin\";s:11:\"action_list\";s:3:\"all\";s:10:\"last_check\";i:1472975028;s:12:\"suppliers_id\";s:1:\"0\";}' WHERE sesskey = '54d632c8b6d276a58520cd8bed68e183' LIMIT 1

DELETE FROM `weigou`.`site_sessions_data` WHERE expiry < 1473002028

DELETE FROM `weigou`.`site_sessions` WHERE expiry < 1473002028

SELECT userid, adminid, user_name, user_rank, discount, email, data, expiry FROM `weigou`.`site_sessions` WHERE sesskey = '54d632c8b6d276a58520cd8bed68e183'

SELECT code, value FROM `weigou`.`site_shop_config` WHERE parent_id > 0

SHOW TABLES LIKE 'site\_%'

DELETE FROM `weigou`.`site_sessions_data` WHERE expiry < 1473002028

DELETE FROM `weigou`.`site_sessions` WHERE expiry < 1473002028

SELECT userid, adminid, user_name, user_rank, discount, email, data, expiry FROM `weigou`.`site_sessions` WHERE sesskey = '54d632c8b6d276a58520cd8bed68e183'

SELECT code, value FROM `weigou`.`site_shop_config` WHERE parent_id > 0

DELETE FROM `weigou`.`site_sessions` WHERE expiry < 1473002030

SELECT userid, adminid, user_name, user_rank, discount, email, data, expiry FROM `weigou`.`site_sessions` WHERE sesskey = '54d632c8b6d276a58520cd8bed68e183'

SELECT code, value FROM `weigou`.`site_shop_config` WHERE parent_id > 0

SELECT suppliers_id, suppliers_name, suppliers_desc
            FROM `weigou`.`site_suppliers`
            WHERE  is_check = 1 

DELETE FROM `weigou`.`site_link_goods` WHERE (goods_id = 0 OR link_goods_id = 0) AND admin_id = '1'

DELETE FROM `weigou`.`site_group_goods` WHERE parent_id = 0 AND admin_id = '1'

DELETE FROM `weigou`.`site_goods_article` WHERE goods_id = 0 AND admin_id = '1'

DELETE FROM `weigou`.`site_goods_attr` WHERE goods_id = 0

SELECT touch_sale,touch_fencheng FROM `weigou`.`site_drp_goods` WHERE goods_id = ''

SELECT c.cat_id, c.cat_name, c.measure_unit, c.parent_id, c.is_show, c.show_in_nav, c.grade, c.sort_order, COUNT(s.cat_id) AS has_children FROM `weigou`.`site_category` AS c LEFT JOIN `weigou`.`site_category` AS s ON s.parent_id=c.cat_id GROUP BY c.cat_id ORDER BY c.parent_id, c.sort_order ASC

SELECT cat_id, COUNT(*) AS goods_num  FROM `weigou`.`site_goods` WHERE is_delete = 0 AND is_on_sale = 1  GROUP BY cat_id

SELECT gc.cat_id, COUNT(*) AS goods_num  FROM `weigou`.`site_goods_cat` AS gc , `weigou`.`site_goods` AS g  WHERE g.goods_id = gc.goods_id AND g.is_delete = 0 AND g.is_on_sale = 1  GROUP BY gc.cat_id

SELECT brand_id, brand_name FROM `weigou`.`site_brand` ORDER BY sort_order

SELECT * FROM `weigou`.`site_user_rank` ORDER BY min_points

SELECT cat_id, cat_name FROM `weigou`.`site_goods_type` WHERE enabled = 1

DELETE FROM `weigou`.`site_sessions` WHERE expiry < 1473002032

SELECT userid, adminid, user_name, user_rank, discount, email, data, expiry FROM `weigou`.`site_sessions` WHERE sesskey = '54d632c8b6d276a58520cd8bed68e183'

SELECT code, value FROM `weigou`.`site_shop_config` WHERE parent_id > 0

SELECT userid, adminid, user_name, user_rank, discount, email, data, expiry FROM `weigou`.`site_sessions` WHERE sesskey = '54d632c8b6d276a58520cd8bed68e183'

SELECT code, value FROM `weigou`.`site_shop_config` WHERE parent_id > 0

UPDATE `weigou`.`site_sessions` SET expiry = '1473003834', ip = '0.0.0.0', userid = '0', adminid = '1', user_name='0', user_rank='0', discount='0', email='0', data = 'a:5:{s:10:\"admin_name\";s:5:\"admin\";s:11:\"action_list\";s:3:\"all\";s:10:\"last_check\";i:1472975028;s:12:\"suppliers_id\";s:1:\"0\";s:12:\"captcha_word\";s:16:\"MjYwZmVlZDI0Yw==\";}' WHERE sesskey = '54d632c8b6d276a58520cd8bed68e183' LIMIT 1

DELETE FROM `weigou`.`site_sessions` WHERE expiry < 1473002034

SELECT userid, adminid, user_name, user_rank, discount, email, data, expiry FROM `weigou`.`site_sessions` WHERE sesskey = '54d632c8b6d276a58520cd8bed68e183'

SELECT code, value FROM `weigou`.`site_shop_config` WHERE parent_id > 0

DELETE FROM `weigou`.`site_sessions_data` WHERE expiry < 1473002041

SELECT userid, adminid, user_name, user_rank, discount, email, data, expiry FROM `weigou`.`site_sessions` WHERE sesskey = '54d632c8b6d276a58520cd8bed68e183'

SELECT code, value FROM `weigou`.`site_shop_config` WHERE parent_id > 0

SELECT suppliers_id, suppliers_name, suppliers_desc
            FROM `weigou`.`site_suppliers`
            WHERE  is_check = 1 

DELETE FROM `weigou`.`site_link_goods` WHERE (goods_id = 0 OR link_goods_id = 0) AND admin_id = '1'

DELETE FROM `weigou`.`site_group_goods` WHERE parent_id = 0 AND admin_id = '1'

DELETE FROM `weigou`.`site_goods_article` WHERE goods_id = 0 AND admin_id = '1'

DELETE FROM `weigou`.`site_goods_attr` WHERE goods_id = 0

SELECT touch_sale,touch_fencheng FROM `weigou`.`site_drp_goods` WHERE goods_id = ''

SELECT c.cat_id, c.cat_name, c.measure_unit, c.parent_id, c.is_show, c.show_in_nav, c.grade, c.sort_order, COUNT(s.cat_id) AS has_children FROM `weigou`.`site_category` AS c LEFT JOIN `weigou`.`site_category` AS s ON s.parent_id=c.cat_id GROUP BY c.cat_id ORDER BY c.parent_id, c.sort_order ASC

SELECT cat_id, COUNT(*) AS goods_num  FROM `weigou`.`site_goods` WHERE is_delete = 0 AND is_on_sale = 1  GROUP BY cat_id

SELECT gc.cat_id, COUNT(*) AS goods_num  FROM `weigou`.`site_goods_cat` AS gc , `weigou`.`site_goods` AS g  WHERE g.goods_id = gc.goods_id AND g.is_delete = 0 AND g.is_on_sale = 1  GROUP BY gc.cat_id

SELECT brand_id, brand_name FROM `weigou`.`site_brand` ORDER BY sort_order

SELECT * FROM `weigou`.`site_user_rank` ORDER BY min_points

SELECT cat_id, cat_name FROM `weigou`.`site_goods_type` WHERE enabled = 1

DELETE FROM `weigou`.`site_sessions` WHERE expiry < 1473002042

